<?xml version="1.0" encoding="UTF-8"?>
<!-- Generated by org.testng.reporters.JUnitReportReporter -->
<testsuite hostname="NANDA" failures="0" tests="1" name="SampleTestPackage.SampleTest" time="29.909" errors="0" timestamp="5 Mar 2022 15:22:29 GMT">
  <testcase classname="SampleTestPackage.SampleTest" name="sampleMethodforEmailEntering" time="29.909"/>
</testsuite> <!-- SampleTestPackage.SampleTest -->
