<?xml version="1.0" encoding="UTF-8"?>
<!-- Generated by org.testng.reporters.JUnitReportReporter -->
<testsuite hostname="NANDA" failures="0" tests="1" name="SampleTestPackage.SampleTest" time="25.358" errors="0" timestamp="6 Mar 2022 14:22:32 GMT">
  <testcase classname="SampleTestPackage.SampleTest" name="sampleMethodforEmailEntering" time="25.358"/>
</testsuite> <!-- SampleTestPackage.SampleTest -->
