<?xml version="1.0" encoding="UTF-8"?>
<!-- Generated by org.testng.reporters.JUnitReportReporter -->
<testsuite hostname="NANDA" failures="0" tests="1" name="SampleTestPackage.SampleTest" time="22.832" errors="0" timestamp="6 Mar 2022 14:02:00 GMT">
  <testcase classname="SampleTestPackage.SampleTest" name="sampleMethodforEmailEntering" time="22.832"/>
</testsuite> <!-- SampleTestPackage.SampleTest -->
